<?xml version="1.0" encoding="UTF-8"?>
<testng-results skipped="0" failed="0" ignored="0" total="0" passed="0">
  <reporter-output>
  </reporter-output>
  <suite name="logo.LogoTest" duration-ms="12" started-at="2019-01-21T14:30:50 CET" finished-at="2019-01-21T14:30:50 CET">
    <groups>
    </groups>
    <test name="Command line test" duration-ms="12" started-at="2019-01-21T14:30:50 CET" finished-at="2019-01-21T14:30:50 CET">
    </test> <!-- Command line test -->
  </suite> <!-- logo.LogoTest -->
</testng-results>
